<?xml version="1.0" encoding="UTF-8"?>
<testng-results ignored="0" total="1" passed="1" failed="0" skipped="0">
  <reporter-output>
  </reporter-output>
  <suite started-at="2023-10-09T15:40:00 IST" name="Suite" finished-at="2023-10-09T15:40:10 IST" duration-ms="10477">
    <groups>
    </groups>
    <test started-at="2023-10-09T15:40:00 IST" name="Test" finished-at="2023-10-09T15:40:10 IST" duration-ms="10477">
      <class name="tests.Demo">
        <test-method signature="VeriftTitle()[pri:0, instance:tests.Demo@82de64a]" started-at="2023-10-09T15:40:00 IST" name="VeriftTitle" finished-at="2023-10-09T15:40:10 IST" duration-ms="10446" status="PASS">
          <reporter-output>
          </reporter-output>
        </test-method> <!-- VeriftTitle -->
      </class> <!-- tests.Demo -->
    </test> <!-- Test -->
  </suite> <!-- Suite -->
</testng-results>
